<?xml version="1.0" encoding="UTF-8"?>
<!-- Generated by org.testng.reporters.JUnitReportReporter -->
<testsuite hostname="DESKTOP-MVQ0I28" failures="0" tests="1" name="dummy.MethodTest" time="0.012" errors="0" timestamp="2025-02-04T20:45:28 IST" skipped="0">
  <testcase classname="dummy.MethodTest" name="test" time="0.012"/>
</testsuite> <!-- dummy.MethodTest -->
