<?xml version="1.0" encoding="UTF-8"?>
<!-- Generated by org.testng.reporters.JUnitReportReporter -->
<testsuite hostname="DESKTOP-MVQ0I28" failures="0" tests="1" name="dummy.FunctionTest" time="0.002" errors="0" timestamp="2025-02-04T20:45:28 IST" skipped="0">
  <testcase classname="dummy.FunctionTest" name="Test2" time="0.002"/>
</testsuite> <!-- dummy.FunctionTest -->
